<?xml version="1.0" encoding="UTF-8"?>
<!-- Generated by org.testng.reporters.JUnitXMLReporter -->
<testsuite ignored="0" hostname="DESKTOP-O7UI4S1" failures="0" tests="3" name="RadioButton" time="3.571" errors="0" timestamp="2021-02-12T10:30:28 CET">
  <testcase classname="LetsKodeItTest.RadioButtonTest" name="RadioButtonBMW" time="1.221"/>
  <testcase classname="LetsKodeItTest.RadioButtonTest" name="RadioButtonBMW" time="1.135"/>
  <testcase classname="LetsKodeItTest.RadioButtonTest" name="RadioButtonBMW" time="1.134"/>
</testsuite> <!-- RadioButton -->
