<?xml version="1.0" encoding="UTF-8"?>
<!-- Generated by org.testng.reporters.JUnitXMLReporter -->
<testsuite ignored="0" hostname="DESKTOP-O7UI4S1" failures="0" tests="3" name="SelectBoxTest" time="3.577" errors="0" timestamp="2021-02-12T10:30:31 CET">
  <testcase classname="LetsKodeItTest.SelectBoxTest" name="DropDownBenz" time="1.174"/>
  <testcase classname="LetsKodeItTest.SelectBoxTest" name="DropDownBMW" time="1.178"/>
  <testcase classname="LetsKodeItTest.SelectBoxTest" name="DropDownHonda" time="1.114"/>
</testsuite> <!-- SelectBoxTest -->
