<?xml version="1.0" encoding="UTF-8"?>
<!-- Generated by org.testng.reporters.JUnitXMLReporter -->
<testsuite ignored="0" hostname="DESKTOP-O7UI4S1" failures="0" tests="3" name="RadioButton" time="18.742" errors="0" timestamp="2021-02-12T09:13:15 CET">
  <testcase classname="LetsKodeItTest.RadioButtonTest" name="RadioButtonBMW" time="1.751"/>
  <testcase classname="LetsKodeItTest.RadioButtonTest" name="RadioButtonBenz" time="1.618"/>
  <testcase classname="LetsKodeItTest.RadioButtonTest" name="RadioButtonHonda" time="1.623"/>
</testsuite> <!-- RadioButton -->
