<?xml version="1.0" encoding="UTF-8"?>
<testng-results ignored="0" total="1" passed="1" failed="0" skipped="0">
  <reporter-output>
  </reporter-output>
  <suite started-at="2021-03-04T10:27:03 CET" name="Default suite" finished-at="2021-03-04T10:27:13 CET" duration-ms="9923">
    <groups>
    </groups>
    <test started-at="2021-03-04T10:27:03 CET" name="Default test" finished-at="2021-03-04T10:27:13 CET" duration-ms="9923">
      <class name="TestCases.Screenshot">
        <test-method is-config="true" signature="setUp()[pri:0, instance:TestCases.Screenshot@5136d012]" started-at="2021-03-04T10:27:03 CET" name="setUp" finished-at="2021-03-04T10:27:08 CET" duration-ms="4643" status="PASS">
          <reporter-output>
          </reporter-output>
        </test-method> <!-- setUp -->
        <test-method signature="ScreenshotTest()[pri:0, instance:TestCases.Screenshot@5136d012]" started-at="2021-03-04T10:27:08 CET" name="ScreenshotTest" finished-at="2021-03-04T10:27:12 CET" duration-ms="3800" status="PASS">
          <reporter-output>
          </reporter-output>
        </test-method> <!-- ScreenshotTest -->
        <test-method is-config="true" signature="tearDown()[pri:0, instance:TestCases.Screenshot@5136d012]" started-at="2021-03-04T10:27:12 CET" name="tearDown" finished-at="2021-03-04T10:27:13 CET" duration-ms="1390" status="PASS">
          <reporter-output>
          </reporter-output>
        </test-method> <!-- tearDown -->
      </class> <!-- TestCases.Screenshot -->
    </test> <!-- Default test -->
  </suite> <!-- Default suite -->
</testng-results>
